[echo -n] works
Configuring for [levee]
Looking for cpp
CPP=[/lib/cpp], CPPFLAGS=[]
checking for install
 (/usr/bin/install)
checking out the C compiler
/tmp/ngc13984.c:2:1: warning: return type defaults to ‘int’ [-Wimplicit-int]
 main()
 ^
checking for header string.h
/tmp/ngc13984.c:3:1: warning: return type defaults to ‘int’ [-Wimplicit-int]
 main() { }
 ^
checking for the basename function
/tmp/ngc13984.c:1:1: warning: return type defaults to ‘int’ [-Wimplicit-int]
 main()
 ^
/tmp/ngc13984.c: In function ‘main’:
/tmp/ngc13984.c:3:5: warning: implicit declaration of function ‘basename’ [-Wimplicit-function-declaration]
     basename();
     ^
checking for header libgen.h
/tmp/ngc13984.c:3:1: warning: return type defaults to ‘int’ [-Wimplicit-int]
 main() { }
 ^
checking for header signal.h
/tmp/ngc13984.c:3:1: warning: return type defaults to ‘int’ [-Wimplicit-int]
 main() { }
 ^
checking for the tgetent function
/tmp/ngc13984.c:1:1: warning: return type defaults to ‘int’ [-Wimplicit-int]
 main()
 ^
/tmp/ngc13984.c: In function ‘main’:
/tmp/ngc13984.c:3:5: warning: implicit declaration of function ‘tgetent’ [-Wimplicit-function-declaration]
     tgetent();
     ^
/tmp/cc1lHiFV.o: In function `main':
ngc13984.c:(.text+0xa): undefined reference to `tgetent'
collect2: error: ld returned 1 exit status
offending command was:
main()
{
    tgetent();
}
cc -o /tmp/ngc13984 /tmp/ngc13984.c 
checking for the tgetent function
/tmp/ngc13984.c:1:1: warning: return type defaults to ‘int’ [-Wimplicit-int]
 main()
 ^
/tmp/ngc13984.c: In function ‘main’:
/tmp/ngc13984.c:3:5: warning: implicit declaration of function ‘tgetent’ [-Wimplicit-function-declaration]
     tgetent();
     ^
/usr/bin/ld: cannot find -lcurses
collect2: error: ld returned 1 exit status
offending command was:
main()
{
    tgetent();
}
cc -o /tmp/ngc13984 /tmp/ngc13984.c  -lcurses
checking for the tgetent function
/tmp/ngc13984.c:1:1: warning: return type defaults to ‘int’ [-Wimplicit-int]
 main()
 ^
/tmp/ngc13984.c: In function ‘main’:
/tmp/ngc13984.c:3:5: warning: implicit declaration of function ‘tgetent’ [-Wimplicit-function-declaration]
     tgetent();
     ^
/usr/bin/ld: cannot find -lncurses
collect2: error: ld returned 1 exit status
offending command was:
main()
{
    tgetent();
}
cc -o /tmp/ngc13984 /tmp/ngc13984.c  -lncurses
checking for the tgetent function
/tmp/ngc13984.c:1:1: warning: return type defaults to ‘int’ [-Wimplicit-int]
 main()
 ^
/tmp/ngc13984.c: In function ‘main’:
/tmp/ngc13984.c:3:5: warning: implicit declaration of function ‘tgetent’ [-Wimplicit-function-declaration]
     tgetent();
     ^
/usr/bin/ld: cannot find -ltermcap
collect2: error: ld returned 1 exit status
offending command was:
main()
{
    tgetent();
}
cc -o /tmp/ngc13984 /tmp/ngc13984.c  -ltermcap
checking for header termios.h
/tmp/ngc13984.c:3:1: warning: return type defaults to ‘int’ [-Wimplicit-int]
 main() { }
 ^
checking for the tcgetattr function
/tmp/ngc13984.c:1:1: warning: return type defaults to ‘int’ [-Wimplicit-int]
 main()
 ^
/tmp/ngc13984.c: In function ‘main’:
/tmp/ngc13984.c:3:5: warning: implicit declaration of function ‘tcgetattr’ [-Wimplicit-function-declaration]
     tcgetattr();
     ^
/usr/bin/ld: cannot find -ltermcap
collect2: error: ld returned 1 exit status
offending command was:
main()
{
    tcgetattr();
}
cc -o /tmp/ngc13984 /tmp/ngc13984.c  -ltermcap
find is /usr/bin/find
/bin/ln exists, and ln -s works
sed is /bin/sed
generating Makefile
